{
  message: 'Database connection established',
  level: 'info',
  label: 'Right Now!',
  timestamp: '2023-06-25T17:11:53.657Z'
}
{
  message: '5000 is working',
  level: 'info',
  label: 'Right Now!',
  timestamp: '2023-06-25T17:11:53.668Z'
}
{
  message: 'Database connection established',
  level: 'info',
  label: 'Right Now!',
  timestamp: '2023-06-25T17:12:14.356Z'
}
{
  message: '5000 is working',
  level: 'info',
  label: 'Right Now!',
  timestamp: '2023-06-25T17:12:14.376Z'
}
{
  message: 'Database connection established',
  level: 'info',
  label: 'Right Now!',
  timestamp: '2023-06-25T17:13:32.474Z'
}
{
  message: '5000 is working',
  level: 'info',
  label: 'Right Now!',
  timestamp: '2023-06-25T17:13:32.492Z'
}
{
  message: 'Database connection established',
  level: 'info',
  label: 'Right Now!',
  timestamp: '2023-06-25T17:13:43.173Z'
}
{
  message: '5000 is working',
  level: 'info',
  label: 'Right Now!',
  timestamp: '2023-06-25T17:13:43.192Z'
}
{
  message: 'Database connection established',
  level: 'info',
  label: 'Right Now!',
  timestamp: '2023-06-25T17:14:14.564Z'
}
{
  message: '5000 is working',
  level: 'info',
  label: 'Right Now!',
  timestamp: '2023-06-25T17:14:14.583Z'
}
{
  index: 0,
  code: 11000,
  keyPattern: { id: 1 },
  keyValue: { id: 'F-00002' },
  level: 'info',
  message: 'Global error is here E11000 duplicate key error collection: university-management.users index: id_1 dup key: { id: "F-00002" }',
  stack: 'MongoServerError: E11000 duplicate key error collection: university-management.users index: id_1 dup key: { id: "F-00002" }\n' +
    '    at F:\\E\\01-Javascript 2021\\Next Level Web Development\\Mission-3\\Programming Hero University\\node_modules\\mongodb\\src\\operations\\insert.ts:85:25\n' +
    '    at F:\\E\\01-Javascript 2021\\Next Level Web Development\\Mission-3\\Programming Hero University\\node_modules\\mongodb\\src\\cmap\\connection_pool.ts:574:11\n' +
    '    at F:\\E\\01-Javascript 2021\\Next Level Web Development\\Mission-3\\Programming Hero University\\node_modules\\mongodb\\src\\sdam\\server.ts:368:13\n' +
    '    at handleOperationResult (F:\\E\\01-Javascript 2021\\Next Level Web Development\\Mission-3\\Programming Hero University\\node_modules\\mongodb\\src\\sdam\\server.ts:502:14)\n' +
    '    at Connection.onMessage (F:\\E\\01-Javascript 2021\\Next Level Web Development\\Mission-3\\Programming Hero University\\node_modules\\mongodb\\src\\cmap\\connection.ts:418:5)\n' +
    '    at MessageStream.<anonymous> (F:\\E\\01-Javascript 2021\\Next Level Web Development\\Mission-3\\Programming Hero University\\node_modules\\mongodb\\src\\cmap\\connection.ts:243:56)\n' +
    '    at MessageStream.emit (node:events:513:28)\n' +
    '    at processIncomingData (F:\\E\\01-Javascript 2021\\Next Level Web Development\\Mission-3\\Programming Hero University\\node_modules\\mongodb\\src\\cmap\\message_stream.ts:187:12)\n' +
    '    at MessageStream._write (F:\\E\\01-Javascript 2021\\Next Level Web Development\\Mission-3\\Programming Hero University\\node_modules\\mongodb\\src\\cmap\\message_stream.ts:68:5)\n' +
    '    at writeOrBuffer (node:internal/streams/writable:392:12)',
  label: 'Right Now!',
  timestamp: '2023-06-25T17:14:23.487Z',
  [Symbol(errorLabels)]: Set(0) {}
}
{
  errors: {
    gender: ValidatorError: `Female` is not a valid enum value for path `gender`.
        at validate (F:\E\01-Javascript 2021\Next Level Web Development\Mission-3\Programming Hero University\node_modules\mongoose\lib\schematype.js:1349:13)
        at SchemaString.SchemaType.doValidate (F:\E\01-Javascript 2021\Next Level Web Development\Mission-3\Programming Hero University\node_modules\mongoose\lib\schematype.js:1333:7)
        at F:\E\01-Javascript 2021\Next Level Web Development\Mission-3\Programming Hero University\node_modules\mongoose\lib\document.js:2932:18
        at processTicksAndRejections (node:internal/process/task_queues:77:11) {
      properties: {
        validator: [Function (anonymous)],
        message: '`Female` is not a valid enum value for path `gender`.',
        type: 'enum',
        enumValues: [ 'male', 'female' ],
        path: 'gender',
        value: 'Female'
      },
      kind: 'enum',
      path: 'gender',
      value: 'Female',
      reason: undefined,
      [Symbol(mongoose:validatorError)]: true
    }
  },
  _message: 'Faculty validation failed',
  level: 'info',
  message: 'Global error is here Faculty validation failed: gender: `Female` is not a valid enum value for path `gender`.',
  stack: 'ValidationError: Faculty validation failed: gender: `Female` is not a valid enum value for path `gender`.\n' +
    '    at model.Document.invalidate (F:\\E\\01-Javascript 2021\\Next Level Web Development\\Mission-3\\Programming Hero University\\node_modules\\mongoose\\lib\\document.js:3147:32)\n' +
    '    at F:\\E\\01-Javascript 2021\\Next Level Web Development\\Mission-3\\Programming Hero University\\node_modules\\mongoose\\lib\\document.js:2940:17\n' +
    '    at F:\\E\\01-Javascript 2021\\Next Level Web Development\\Mission-3\\Programming Hero University\\node_modules\\mongoose\\lib\\schematype.js:1352:9\n' +
    '    at processTicksAndRejections (node:internal/process/task_queues:77:11)',
  label: 'Right Now!',
  timestamp: '2023-06-25T17:16:52.280Z'
}
{
  index: 0,
  code: 11000,
  keyPattern: { contactNo: 1 },
  keyValue: { contactNo: '000003222' },
  level: 'info',
  message: 'Global error is here E11000 duplicate key error collection: university-management.faculties index: contactNo_1 dup key: { contactNo: "000003222" }',
  stack: 'MongoServerError: E11000 duplicate key error collection: university-management.faculties index: contactNo_1 dup key: { contactNo: "000003222" }\n' +
    '    at F:\\E\\01-Javascript 2021\\Next Level Web Development\\Mission-3\\Programming Hero University\\node_modules\\mongodb\\src\\operations\\insert.ts:85:25\n' +
    '    at F:\\E\\01-Javascript 2021\\Next Level Web Development\\Mission-3\\Programming Hero University\\node_modules\\mongodb\\src\\cmap\\connection_pool.ts:574:11\n' +
    '    at F:\\E\\01-Javascript 2021\\Next Level Web Development\\Mission-3\\Programming Hero University\\node_modules\\mongodb\\src\\sdam\\server.ts:368:13\n' +
    '    at handleOperationResult (F:\\E\\01-Javascript 2021\\Next Level Web Development\\Mission-3\\Programming Hero University\\node_modules\\mongodb\\src\\sdam\\server.ts:502:14)\n' +
    '    at Connection.onMessage (F:\\E\\01-Javascript 2021\\Next Level Web Development\\Mission-3\\Programming Hero University\\node_modules\\mongodb\\src\\cmap\\connection.ts:418:5)\n' +
    '    at MessageStream.<anonymous> (F:\\E\\01-Javascript 2021\\Next Level Web Development\\Mission-3\\Programming Hero University\\node_modules\\mongodb\\src\\cmap\\connection.ts:243:56)\n' +
    '    at MessageStream.emit (node:events:513:28)\n' +
    '    at processIncomingData (F:\\E\\01-Javascript 2021\\Next Level Web Development\\Mission-3\\Programming Hero University\\node_modules\\mongodb\\src\\cmap\\message_stream.ts:187:12)\n' +
    '    at MessageStream._write (F:\\E\\01-Javascript 2021\\Next Level Web Development\\Mission-3\\Programming Hero University\\node_modules\\mongodb\\src\\cmap\\message_stream.ts:68:5)\n' +
    '    at writeOrBuffer (node:internal/streams/writable:392:12)',
  label: 'Right Now!',
  timestamp: '2023-06-25T17:17:07.269Z',
  [Symbol(errorLabels)]: Set(0) {}
}
{
  message: 'Database connection established',
  level: 'info',
  label: 'Right Now!',
  timestamp: '2023-06-25T17:25:27.569Z'
}
{
  message: '5000 is working',
  level: 'info',
  label: 'Right Now!',
  timestamp: '2023-06-25T17:25:27.589Z'
}
{
  message: 'Database connection established',
  level: 'info',
  label: 'Right Now!',
  timestamp: '2023-06-25T17:26:31.844Z'
}
{
  message: '5000 is working',
  level: 'info',
  label: 'Right Now!',
  timestamp: '2023-06-25T17:26:31.866Z'
}
{
  message: 'Database connection established',
  level: 'info',
  label: 'Right Now!',
  timestamp: '2023-06-25T17:29:29.214Z'
}
{
  message: '5000 is working',
  level: 'info',
  label: 'Right Now!',
  timestamp: '2023-06-25T17:29:29.232Z'
}
{
  message: 'Database connection established',
  level: 'info',
  label: 'Right Now!',
  timestamp: '2023-06-25T17:29:38.475Z'
}
{
  message: '5000 is working',
  level: 'info',
  label: 'Right Now!',
  timestamp: '2023-06-25T17:29:38.494Z'
}
{
  message: 'Database connection established',
  level: 'info',
  label: 'Right Now!',
  timestamp: '2023-06-25T17:29:44.095Z'
}
{
  message: '5000 is working',
  level: 'info',
  label: 'Right Now!',
  timestamp: '2023-06-25T17:29:44.134Z'
}
{
  message: 'Database connection established',
  level: 'info',
  label: 'Right Now!',
  timestamp: '2023-06-25T17:29:53.141Z'
}
{
  message: '5000 is working',
  level: 'info',
  label: 'Right Now!',
  timestamp: '2023-06-25T17:29:53.155Z'
}
{
  message: 'Database connection established',
  level: 'info',
  label: 'Right Now!',
  timestamp: '2023-06-25T17:30:01.359Z'
}
{
  message: '5000 is working',
  level: 'info',
  label: 'Right Now!',
  timestamp: '2023-06-25T17:30:01.376Z'
}
{
  message: 'Database connection established',
  level: 'info',
  label: 'Right Now!',
  timestamp: '2023-06-25T17:30:25.254Z'
}
{
  message: '5000 is working',
  level: 'info',
  label: 'Right Now!',
  timestamp: '2023-06-25T17:30:25.275Z'
}
{
  message: 'Database connection established',
  level: 'info',
  label: 'Right Now!',
  timestamp: '2023-06-25T17:30:43.366Z'
}
{
  message: '5000 is working',
  level: 'info',
  label: 'Right Now!',
  timestamp: '2023-06-25T17:30:43.385Z'
}
{
  statusCode: 404,
  level: 'info',
  message: 'Global error is here Student not found',
  stack: 'Error: Student not found\n' +
    '    at F:\\E\\01-Javascript 2021\\Next Level Web Development\\Mission-3\\Programming Hero University\\src\\app\\modules\\student\\student.service.ts:88:11\n' +
    '    at Generator.next (<anonymous>)\n' +
    '    at fulfilled (F:\\E\\01-Javascript 2021\\Next Level Web Development\\Mission-3\\Programming Hero University\\src\\app\\modules\\student\\student.service.ts:5:58)\n' +
    '    at processTicksAndRejections (node:internal/process/task_queues:95:5)',
  label: 'Right Now!',
  timestamp: '2023-06-25T17:33:54.144Z'
}
{
  statusCode: 404,
  level: 'info',
  message: 'Global error is here User Faculty not found !',
  stack: 'Error: User Faculty not found !\n' +
    '    at F:\\E\\01-Javascript 2021\\Next Level Web Development\\Mission-3\\Programming Hero University\\src\\app\\modules\\userFaculty\\userFaculty.service.ts:87:11\n' +
    '    at Generator.next (<anonymous>)\n' +
    '    at fulfilled (F:\\E\\01-Javascript 2021\\Next Level Web Development\\Mission-3\\Programming Hero University\\src\\app\\modules\\userFaculty\\userFaculty.service.ts:5:58)\n' +
    '    at processTicksAndRejections (node:internal/process/task_queues:95:5)',
  label: 'Right Now!',
  timestamp: '2023-06-25T17:36:23.018Z'
}
{
  message: 'Database connection established',
  level: 'info',
  label: 'Right Now!',
  timestamp: '2023-06-25T17:38:28.184Z'
}
{
  message: '5000 is working',
  level: 'info',
  label: 'Right Now!',
  timestamp: '2023-06-25T17:38:28.201Z'
}
{
  message: 'Database connection established',
  level: 'info',
  label: 'Right Now!',
  timestamp: '2023-06-25T17:38:44.837Z'
}
{
  message: '5000 is working',
  level: 'info',
  label: 'Right Now!',
  timestamp: '2023-06-25T17:38:44.848Z'
}
{
  message: 'Database connection established',
  level: 'info',
  label: 'Right Now!',
  timestamp: '2023-06-25T17:38:55.446Z'
}
{
  message: '5000 is working',
  level: 'info',
  label: 'Right Now!',
  timestamp: '2023-06-25T17:38:55.463Z'
}
{
  message: 'Database connection established',
  level: 'info',
  label: 'Right Now!',
  timestamp: '2023-06-25T17:39:08.205Z'
}
{
  message: '5000 is working',
  level: 'info',
  label: 'Right Now!',
  timestamp: '2023-06-25T17:39:08.228Z'
}
{
  statusCode: 404,
  level: 'info',
  message: 'Global error is here Faculty not found !',
  stack: 'Error: Faculty not found !\n' +
    '    at F:\\E\\01-Javascript 2021\\Next Level Web Development\\Mission-3\\Programming Hero University\\src\\app\\modules\\userFaculty\\userFaculty.service.ts:115:11\n' +
    '    at Generator.next (<anonymous>)\n' +
    '    at fulfilled (F:\\E\\01-Javascript 2021\\Next Level Web Development\\Mission-3\\Programming Hero University\\src\\app\\modules\\userFaculty\\userFaculty.service.ts:5:58)\n' +
    '    at processTicksAndRejections (node:internal/process/task_queues:95:5)',
  label: 'Right Now!',
  timestamp: '2023-06-25T17:40:39.530Z'
}
{
  message: 'Database connection established',
  level: 'info',
  label: 'Right Now!',
  timestamp: '2023-06-25T17:44:15.250Z'
}
{
  message: '5000 is working',
  level: 'info',
  label: 'Right Now!',
  timestamp: '2023-06-25T17:44:15.274Z'
}
{
  message: 'Database connection established',
  level: 'info',
  label: 'Right Now!',
  timestamp: '2023-06-25T17:46:05.756Z'
}
{
  message: '5000 is working',
  level: 'info',
  label: 'Right Now!',
  timestamp: '2023-06-25T17:46:05.776Z'
}
{
  index: 0,
  code: 11000,
  keyPattern: { id: 1 },
  keyValue: { id: 'F-00002' },
  level: 'info',
  message: 'Global error is here E11000 duplicate key error collection: university-management.faculties index: id_1 dup key: { id: "F-00002" }',
  stack: 'MongoServerError: E11000 duplicate key error collection: university-management.faculties index: id_1 dup key: { id: "F-00002" }\n' +
    '    at F:\\E\\01-Javascript 2021\\Next Level Web Development\\Mission-3\\Programming Hero University\\node_modules\\mongodb\\src\\operations\\insert.ts:85:25\n' +
    '    at F:\\E\\01-Javascript 2021\\Next Level Web Development\\Mission-3\\Programming Hero University\\node_modules\\mongodb\\src\\cmap\\connection_pool.ts:574:11\n' +
    '    at F:\\E\\01-Javascript 2021\\Next Level Web Development\\Mission-3\\Programming Hero University\\node_modules\\mongodb\\src\\sdam\\server.ts:368:13\n' +
    '    at handleOperationResult (F:\\E\\01-Javascript 2021\\Next Level Web Development\\Mission-3\\Programming Hero University\\node_modules\\mongodb\\src\\sdam\\server.ts:502:14)\n' +
    '    at Connection.onMessage (F:\\E\\01-Javascript 2021\\Next Level Web Development\\Mission-3\\Programming Hero University\\node_modules\\mongodb\\src\\cmap\\connection.ts:418:5)\n' +
    '    at MessageStream.<anonymous> (F:\\E\\01-Javascript 2021\\Next Level Web Development\\Mission-3\\Programming Hero University\\node_modules\\mongodb\\src\\cmap\\connection.ts:243:56)\n' +
    '    at MessageStream.emit (node:events:513:28)\n' +
    '    at processIncomingData (F:\\E\\01-Javascript 2021\\Next Level Web Development\\Mission-3\\Programming Hero University\\node_modules\\mongodb\\src\\cmap\\message_stream.ts:187:12)\n' +
    '    at MessageStream._write (F:\\E\\01-Javascript 2021\\Next Level Web Development\\Mission-3\\Programming Hero University\\node_modules\\mongodb\\src\\cmap\\message_stream.ts:68:5)\n' +
    '    at writeOrBuffer (node:internal/streams/writable:392:12)',
  label: 'Right Now!',
  timestamp: '2023-06-25T17:46:22.895Z',
  [Symbol(errorLabels)]: Set(0) {}
}
