{
  message: 'Database connection established',
  level: 'info',
  label: 'Right Now!',
  timestamp: '2023-07-05T17:10:36.241Z'
}
{
  message: '5000 is working',
  level: 'info',
  label: 'Right Now!',
  timestamp: '2023-07-05T17:10:36.263Z'
}
{
  message: 'Database connection established',
  level: 'info',
  label: 'Right Now!',
  timestamp: '2023-07-05T17:14:25.981Z'
}
{
  message: '5000 is working',
  level: 'info',
  label: 'Right Now!',
  timestamp: '2023-07-05T17:14:25.995Z'
}
{
  message: 'Database connection established',
  level: 'info',
  label: 'Right Now!',
  timestamp: '2023-07-05T17:14:40.298Z'
}
{
  message: '5000 is working',
  level: 'info',
  label: 'Right Now!',
  timestamp: '2023-07-05T17:14:40.312Z'
}
{
  message: 'Database connection established',
  level: 'info',
  label: 'Right Now!',
  timestamp: '2023-07-05T17:14:55.302Z'
}
{
  message: '5000 is working',
  level: 'info',
  label: 'Right Now!',
  timestamp: '2023-07-05T17:14:55.313Z'
}
{
  message: 'Database connection established',
  level: 'info',
  label: 'Right Now!',
  timestamp: '2023-07-05T17:15:04.724Z'
}
{
  message: '5000 is working',
  level: 'info',
  label: 'Right Now!',
  timestamp: '2023-07-05T17:15:04.732Z'
}
{
  message: 'Database connection established',
  level: 'info',
  label: 'Right Now!',
  timestamp: '2023-07-05T17:15:17.778Z'
}
{
  message: '5000 is working',
  level: 'info',
  label: 'Right Now!',
  timestamp: '2023-07-05T17:15:17.787Z'
}
{
  message: 'Database connection established',
  level: 'info',
  label: 'Right Now!',
  timestamp: '2023-07-05T17:22:56.887Z'
}
{
  message: '5000 is working',
  level: 'info',
  label: 'Right Now!',
  timestamp: '2023-07-05T17:22:56.897Z'
}
{
  message: 'Database connection established',
  level: 'info',
  label: 'Right Now!',
  timestamp: '2023-07-05T17:24:37.850Z'
}
{
  message: '5000 is working',
  level: 'info',
  label: 'Right Now!',
  timestamp: '2023-07-05T17:24:37.864Z'
}
{
  message: 'Database connection established',
  level: 'info',
  label: 'Right Now!',
  timestamp: '2023-07-05T17:25:08.205Z'
}
{
  message: '5000 is working',
  level: 'info',
  label: 'Right Now!',
  timestamp: '2023-07-05T17:25:08.219Z'
}
{
  message: 'Database connection established',
  level: 'info',
  label: 'Right Now!',
  timestamp: '2023-07-05T17:26:11.782Z'
}
{
  message: '5000 is working',
  level: 'info',
  label: 'Right Now!',
  timestamp: '2023-07-05T17:26:11.791Z'
}
{
  message: 'Database connection established',
  level: 'info',
  label: 'Right Now!',
  timestamp: '2023-07-05T17:28:19.575Z'
}
{
  message: '5000 is working',
  level: 'info',
  label: 'Right Now!',
  timestamp: '2023-07-05T17:28:19.586Z'
}
{
  message: 'Database connection established',
  level: 'info',
  label: 'Right Now!',
  timestamp: '2023-07-05T17:28:42.908Z'
}
{
  message: '5000 is working',
  level: 'info',
  label: 'Right Now!',
  timestamp: '2023-07-05T17:28:42.919Z'
}
