{
  message: 'Database connection established',
  level: 'info',
  label: 'Right Now!',
  timestamp: '2023-06-18T06:33:23.479Z'
}
{
  message: '5000 is working',
  level: 'info',
  label: 'Right Now!',
  timestamp: '2023-06-18T06:33:23.494Z'
}
{
  message: 'Database connection established',
  level: 'info',
  label: 'Right Now!',
  timestamp: '2023-06-18T06:33:32.466Z'
}
{
  message: '5000 is working',
  level: 'info',
  label: 'Right Now!',
  timestamp: '2023-06-18T06:33:32.484Z'
}
{
  message: 'Database connection established',
  level: 'info',
  label: 'Right Now!',
  timestamp: '2023-06-18T06:35:52.341Z'
}
{
  message: '5000 is working',
  level: 'info',
  label: 'Right Now!',
  timestamp: '2023-06-18T06:35:52.359Z'
}
{
  message: 'Database connection established',
  level: 'info',
  label: 'Right Now!',
  timestamp: '2023-06-18T06:37:51.231Z'
}
{
  message: '5000 is working',
  level: 'info',
  label: 'Right Now!',
  timestamp: '2023-06-18T06:37:51.266Z'
}
{
  message: 'Database connection established',
  level: 'info',
  label: 'Right Now!',
  timestamp: '2023-06-18T06:38:02.578Z'
}
{
  message: '5000 is working',
  level: 'info',
  label: 'Right Now!',
  timestamp: '2023-06-18T06:38:02.589Z'
}
{
  message: 'Database connection established',
  level: 'info',
  label: 'Right Now!',
  timestamp: '2023-06-18T06:38:10.287Z'
}
{
  message: '5000 is working',
  level: 'info',
  label: 'Right Now!',
  timestamp: '2023-06-18T06:38:10.304Z'
}
{
  message: 'Database connection established',
  level: 'info',
  label: 'Right Now!',
  timestamp: '2023-06-18T06:39:59.879Z'
}
{
  message: '5000 is working',
  level: 'info',
  label: 'Right Now!',
  timestamp: '2023-06-18T06:39:59.898Z'
}
{
  message: 'Database connection established',
  level: 'info',
  label: 'Right Now!',
  timestamp: '2023-06-18T06:40:13.070Z'
}
{
  message: '5000 is working',
  level: 'info',
  label: 'Right Now!',
  timestamp: '2023-06-18T06:40:13.093Z'
}
{
  message: 'Database connection established',
  level: 'info',
  label: 'Right Now!',
  timestamp: '2023-06-18T06:41:53.850Z'
}
{
  message: '5000 is working',
  level: 'info',
  label: 'Right Now!',
  timestamp: '2023-06-18T06:41:53.875Z'
}
{
  message: 'Database connection established',
  level: 'info',
  label: 'Right Now!',
  timestamp: '2023-06-18T06:42:23.542Z'
}
{
  message: '5000 is working',
  level: 'info',
  label: 'Right Now!',
  timestamp: '2023-06-18T06:42:23.559Z'
}
{
  message: 'Database connection established',
  level: 'info',
  label: 'Right Now!',
  timestamp: '2023-06-18T06:44:04.318Z'
}
{
  message: '5000 is working',
  level: 'info',
  label: 'Right Now!',
  timestamp: '2023-06-18T06:44:04.333Z'
}
{
  message: 'Database connection established',
  level: 'info',
  label: 'Right Now!',
  timestamp: '2023-06-18T06:45:19.734Z'
}
{
  message: '5000 is working',
  level: 'info',
  label: 'Right Now!',
  timestamp: '2023-06-18T06:45:19.756Z'
}
{
  message: 'Database connection established',
  level: 'info',
  label: 'Right Now!',
  timestamp: '2023-06-18T06:45:32.313Z'
}
{
  message: '5000 is working',
  level: 'info',
  label: 'Right Now!',
  timestamp: '2023-06-18T06:45:32.333Z'
}
{
  message: 'Database connection established',
  level: 'info',
  label: 'Right Now!',
  timestamp: '2023-06-18T06:46:31.465Z'
}
{
  message: '5000 is working',
  level: 'info',
  label: 'Right Now!',
  timestamp: '2023-06-18T06:46:31.486Z'
}
{
  message: 'Database connection established',
  level: 'info',
  label: 'Right Now!',
  timestamp: '2023-06-18T06:46:50.392Z'
}
{
  message: '5000 is working',
  level: 'info',
  label: 'Right Now!',
  timestamp: '2023-06-18T06:46:50.410Z'
}
{
  message: 'Database connection established',
  level: 'info',
  label: 'Right Now!',
  timestamp: '2023-06-18T06:54:02.279Z'
}
{
  message: '5000 is working',
  level: 'info',
  label: 'Right Now!',
  timestamp: '2023-06-18T06:54:02.301Z'
}
{
  message: 'Database connection established',
  level: 'info',
  label: 'Right Now!',
  timestamp: '2023-06-18T06:56:24.289Z'
}
{
  message: '5000 is working',
  level: 'info',
  label: 'Right Now!',
  timestamp: '2023-06-18T06:56:24.304Z'
}
{
  message: 'Database connection established',
  level: 'info',
  label: 'Right Now!',
  timestamp: '2023-06-18T06:56:45.125Z'
}
{
  message: '5000 is working',
  level: 'info',
  label: 'Right Now!',
  timestamp: '2023-06-18T06:56:45.150Z'
}
{
  message: 'Database connection established',
  level: 'info',
  label: 'Right Now!',
  timestamp: '2023-06-18T06:56:53.885Z'
}
{
  message: '5000 is working',
  level: 'info',
  label: 'Right Now!',
  timestamp: '2023-06-18T06:56:53.916Z'
}
