{
  message: 'Database connection established',
  level: 'info',
  label: 'Right Now!',
  timestamp: '2023-06-17T04:05:01.273Z'
}
{
  message: '5000 is working',
  level: 'info',
  label: 'Right Now!',
  timestamp: '2023-06-17T04:05:01.281Z'
}
{
  message: 'Database connection established',
  level: 'info',
  label: 'Right Now!',
  timestamp: '2023-06-17T04:05:10.208Z'
}
{
  message: '5000 is working',
  level: 'info',
  label: 'Right Now!',
  timestamp: '2023-06-17T04:05:10.220Z'
}
{
  message: 'Database connection established',
  level: 'info',
  label: 'Right Now!',
  timestamp: '2023-06-17T04:06:24.522Z'
}
{
  message: '5000 is working',
  level: 'info',
  label: 'Right Now!',
  timestamp: '2023-06-17T04:06:24.530Z'
}
{
  message: 'Database connection established',
  level: 'info',
  label: 'Right Now!',
  timestamp: '2023-06-17T04:07:27.431Z'
}
{
  message: '5000 is working',
  level: 'info',
  label: 'Right Now!',
  timestamp: '2023-06-17T04:07:27.444Z'
}
{
  message: 'Database connection established',
  level: 'info',
  label: 'Right Now!',
  timestamp: '2023-06-17T04:15:01.688Z'
}
{
  message: '5000 is working',
  level: 'info',
  label: 'Right Now!',
  timestamp: '2023-06-17T04:15:01.702Z'
}
{
  message: 'Database connection established',
  level: 'info',
  label: 'Right Now!',
  timestamp: '2023-06-17T04:15:19.359Z'
}
{
  message: '5000 is working',
  level: 'info',
  label: 'Right Now!',
  timestamp: '2023-06-17T04:15:19.373Z'
}
{
  message: 'Database connection established',
  level: 'info',
  label: 'Right Now!',
  timestamp: '2023-06-17T04:15:50.141Z'
}
{
  message: '5000 is working',
  level: 'info',
  label: 'Right Now!',
  timestamp: '2023-06-17T04:15:50.155Z'
}
{
  message: 'Database connection established',
  level: 'info',
  label: 'Right Now!',
  timestamp: '2023-06-17T04:17:37.106Z'
}
{
  message: '5000 is working',
  level: 'info',
  label: 'Right Now!',
  timestamp: '2023-06-17T04:17:37.114Z'
}
{
  message: 'Database connection established',
  level: 'info',
  label: 'Right Now!',
  timestamp: '2023-06-17T04:17:46.667Z'
}
{
  message: '5000 is working',
  level: 'info',
  label: 'Right Now!',
  timestamp: '2023-06-17T04:17:46.682Z'
}
{
  message: 'Database connection established',
  level: 'info',
  label: 'Right Now!',
  timestamp: '2023-06-17T04:17:57.374Z'
}
{
  message: '5000 is working',
  level: 'info',
  label: 'Right Now!',
  timestamp: '2023-06-17T04:17:57.386Z'
}
{
  message: 'Database connection established',
  level: 'info',
  label: 'Right Now!',
  timestamp: '2023-06-17T04:18:02.463Z'
}
{
  message: '5000 is working',
  level: 'info',
  label: 'Right Now!',
  timestamp: '2023-06-17T04:18:02.471Z'
}
{
  message: 'Database connection established',
  level: 'info',
  label: 'Right Now!',
  timestamp: '2023-06-17T04:19:23.376Z'
}
{
  message: '5000 is working',
  level: 'info',
  label: 'Right Now!',
  timestamp: '2023-06-17T04:19:23.386Z'
}
{
  message: 'Database connection established',
  level: 'info',
  label: 'Right Now!',
  timestamp: '2023-06-17T04:19:28.099Z'
}
{
  message: '5000 is working',
  level: 'info',
  label: 'Right Now!',
  timestamp: '2023-06-17T04:19:28.112Z'
}
{
  message: 'Database connection established',
  level: 'info',
  label: 'Right Now!',
  timestamp: '2023-06-17T04:19:33.553Z'
}
{
  message: '5000 is working',
  level: 'info',
  label: 'Right Now!',
  timestamp: '2023-06-17T04:19:33.563Z'
}
{
  message: 'Database connection established',
  level: 'info',
  label: 'Right Now!',
  timestamp: '2023-06-17T04:26:43.894Z'
}
{
  message: '5000 is working',
  level: 'info',
  label: 'Right Now!',
  timestamp: '2023-06-17T04:26:43.910Z'
}
{
  message: 'Database connection established',
  level: 'info',
  label: 'Right Now!',
  timestamp: '2023-06-17T04:27:08.927Z'
}
{
  message: '5000 is working',
  level: 'info',
  label: 'Right Now!',
  timestamp: '2023-06-17T04:27:08.935Z'
}
{
  message: 'Database connection established',
  level: 'info',
  label: 'Right Now!',
  timestamp: '2023-06-17T04:35:31.094Z'
}
{
  message: '5000 is working',
  level: 'info',
  label: 'Right Now!',
  timestamp: '2023-06-17T04:35:31.103Z'
}
{
  message: 'Database connection established',
  level: 'info',
  label: 'Right Now!',
  timestamp: '2023-06-17T04:35:36.103Z'
}
{
  message: '5000 is working',
  level: 'info',
  label: 'Right Now!',
  timestamp: '2023-06-17T04:35:36.119Z'
}
{
  message: 'Database connection established',
  level: 'info',
  label: 'Right Now!',
  timestamp: '2023-06-17T04:35:47.008Z'
}
{
  message: '5000 is working',
  level: 'info',
  label: 'Right Now!',
  timestamp: '2023-06-17T04:35:47.020Z'
}
{
  message: 'Database connection established',
  level: 'info',
  label: 'Right Now!',
  timestamp: '2023-06-17T04:35:53.393Z'
}
{
  message: '5000 is working',
  level: 'info',
  label: 'Right Now!',
  timestamp: '2023-06-17T04:35:53.419Z'
}
{
  message: 'Database connection established',
  level: 'info',
  label: 'Right Now!',
  timestamp: '2023-06-17T04:35:59.000Z'
}
{
  message: '5000 is working',
  level: 'info',
  label: 'Right Now!',
  timestamp: '2023-06-17T04:35:59.024Z'
}
{
  message: 'Database connection established',
  level: 'info',
  label: 'Right Now!',
  timestamp: '2023-06-17T04:36:11.314Z'
}
{
  message: '5000 is working',
  level: 'info',
  label: 'Right Now!',
  timestamp: '2023-06-17T04:36:11.338Z'
}
{
  message: 'Database connection established',
  level: 'info',
  label: 'Right Now!',
  timestamp: '2023-06-17T04:36:19.278Z'
}
{
  message: '5000 is working',
  level: 'info',
  label: 'Right Now!',
  timestamp: '2023-06-17T04:36:19.302Z'
}
{
  message: 'Database connection established',
  level: 'info',
  label: 'Right Now!',
  timestamp: '2023-06-17T04:37:03.288Z'
}
{
  message: '5000 is working',
  level: 'info',
  label: 'Right Now!',
  timestamp: '2023-06-17T04:37:03.310Z'
}
{
  message: 'Database connection established',
  level: 'info',
  label: 'Right Now!',
  timestamp: '2023-06-17T04:37:14.496Z'
}
{
  message: '5000 is working',
  level: 'info',
  label: 'Right Now!',
  timestamp: '2023-06-17T04:37:14.513Z'
}
{
  message: 'Database connection established',
  level: 'info',
  label: 'Right Now!',
  timestamp: '2023-06-17T04:37:29.933Z'
}
{
  message: '5000 is working',
  level: 'info',
  label: 'Right Now!',
  timestamp: '2023-06-17T04:37:29.956Z'
}
{
  message: 'Database connection established',
  level: 'info',
  label: 'Right Now!',
  timestamp: '2023-06-17T04:42:46.791Z'
}
{
  message: '5000 is working',
  level: 'info',
  label: 'Right Now!',
  timestamp: '2023-06-17T04:42:46.802Z'
}
{
  message: 'Database connection established',
  level: 'info',
  label: 'Right Now!',
  timestamp: '2023-06-17T04:43:02.185Z'
}
{
  message: '5000 is working',
  level: 'info',
  label: 'Right Now!',
  timestamp: '2023-06-17T04:43:02.205Z'
}
{
  message: 'Database connection established',
  level: 'info',
  label: 'Right Now!',
  timestamp: '2023-06-17T04:44:04.784Z'
}
{
  message: '5000 is working',
  level: 'info',
  label: 'Right Now!',
  timestamp: '2023-06-17T04:44:04.796Z'
}
{
  message: 'Database connection established',
  level: 'info',
  label: 'Right Now!',
  timestamp: '2023-06-17T04:44:12.975Z'
}
{
  message: '5000 is working',
  level: 'info',
  label: 'Right Now!',
  timestamp: '2023-06-17T04:44:12.986Z'
}
{
  message: 'Database connection established',
  level: 'info',
  label: 'Right Now!',
  timestamp: '2023-06-17T04:44:45.233Z'
}
{
  message: '5000 is working',
  level: 'info',
  label: 'Right Now!',
  timestamp: '2023-06-17T04:44:45.246Z'
}
{
  message: 'Database connection established',
  level: 'info',
  label: 'Right Now!',
  timestamp: '2023-06-17T04:51:14.112Z'
}
{
  message: '5000 is working',
  level: 'info',
  label: 'Right Now!',
  timestamp: '2023-06-17T04:51:14.133Z'
}
{
  message: 'Database connection established',
  level: 'info',
  label: 'Right Now!',
  timestamp: '2023-06-17T04:51:53.540Z'
}
{
  message: '5000 is working',
  level: 'info',
  label: 'Right Now!',
  timestamp: '2023-06-17T04:51:53.548Z'
}
{
  message: 'Database connection established',
  level: 'info',
  label: 'Right Now!',
  timestamp: '2023-06-17T04:52:01.854Z'
}
{
  message: '5000 is working',
  level: 'info',
  label: 'Right Now!',
  timestamp: '2023-06-17T04:52:01.877Z'
}
