{
  message: 'Database connection established',
  level: 'info',
  label: 'Right Now!',
  timestamp: '2023-07-05T03:03:11.521Z'
}
{
  message: '5000 is working',
  level: 'info',
  label: 'Right Now!',
  timestamp: '2023-07-05T03:03:11.542Z'
}
{
  message: 'Database connection established',
  level: 'info',
  label: 'Right Now!',
  timestamp: '2023-07-05T03:11:31.416Z'
}
{
  message: '5000 is working',
  level: 'info',
  label: 'Right Now!',
  timestamp: '2023-07-05T03:11:31.425Z'
}
{
  message: 'Database connection established',
  level: 'info',
  label: 'Right Now!',
  timestamp: '2023-07-05T03:11:37.198Z'
}
{
  message: '5000 is working',
  level: 'info',
  label: 'Right Now!',
  timestamp: '2023-07-05T03:11:37.206Z'
}
{
  message: 'Database connection established',
  level: 'info',
  label: 'Right Now!',
  timestamp: '2023-07-05T03:13:33.166Z'
}
{
  message: '5000 is working',
  level: 'info',
  label: 'Right Now!',
  timestamp: '2023-07-05T03:13:33.179Z'
}
{
  message: 'Database connection established',
  level: 'info',
  label: 'Right Now!',
  timestamp: '2023-07-05T03:14:22.957Z'
}
{
  message: '5000 is working',
  level: 'info',
  label: 'Right Now!',
  timestamp: '2023-07-05T03:14:22.970Z'
}
{
  message: 'Database connection established',
  level: 'info',
  label: 'Right Now!',
  timestamp: '2023-07-05T03:15:54.822Z'
}
{
  message: '5000 is working',
  level: 'info',
  label: 'Right Now!',
  timestamp: '2023-07-05T03:15:54.831Z'
}
{
  message: 'Database connection established',
  level: 'info',
  label: 'Right Now!',
  timestamp: '2023-07-05T03:16:11.013Z'
}
{
  message: '5000 is working',
  level: 'info',
  label: 'Right Now!',
  timestamp: '2023-07-05T03:16:11.023Z'
}
{
  message: 'Database connection established',
  level: 'info',
  label: 'Right Now!',
  timestamp: '2023-07-05T03:16:17.789Z'
}
{
  message: '5000 is working',
  level: 'info',
  label: 'Right Now!',
  timestamp: '2023-07-05T03:16:17.802Z'
}
{
  message: 'Database connection established',
  level: 'info',
  label: 'Right Now!',
  timestamp: '2023-07-05T03:16:35.714Z'
}
{
  message: '5000 is working',
  level: 'info',
  label: 'Right Now!',
  timestamp: '2023-07-05T03:16:35.734Z'
}
{
  message: 'Database connection established',
  level: 'info',
  label: 'Right Now!',
  timestamp: '2023-07-05T03:16:50.750Z'
}
{
  message: '5000 is working',
  level: 'info',
  label: 'Right Now!',
  timestamp: '2023-07-05T03:16:50.760Z'
}
{
  message: 'Database connection established',
  level: 'info',
  label: 'Right Now!',
  timestamp: '2023-07-05T03:35:02.929Z'
}
{
  message: '5000 is working',
  level: 'info',
  label: 'Right Now!',
  timestamp: '2023-07-05T03:35:02.938Z'
}
{
  message: 'Database connection established',
  level: 'info',
  label: 'Right Now!',
  timestamp: '2023-07-05T03:35:17.179Z'
}
{
  message: '5000 is working',
  level: 'info',
  label: 'Right Now!',
  timestamp: '2023-07-05T03:35:17.188Z'
}
{
  message: 'Database connection established',
  level: 'info',
  label: 'Right Now!',
  timestamp: '2023-07-05T03:44:16.246Z'
}
{
  message: '5000 is working',
  level: 'info',
  label: 'Right Now!',
  timestamp: '2023-07-05T03:44:16.257Z'
}
{
  message: 'Database connection established',
  level: 'info',
  label: 'Right Now!',
  timestamp: '2023-07-05T03:44:41.079Z'
}
{
  message: '5000 is working',
  level: 'info',
  label: 'Right Now!',
  timestamp: '2023-07-05T03:44:41.088Z'
}
{
  message: 'Database connection established',
  level: 'info',
  label: 'Right Now!',
  timestamp: '2023-07-05T03:44:46.644Z'
}
{
  message: '5000 is working',
  level: 'info',
  label: 'Right Now!',
  timestamp: '2023-07-05T03:44:46.652Z'
}
{
  message: 'Database connection established',
  level: 'info',
  label: 'Right Now!',
  timestamp: '2023-07-05T03:44:57.216Z'
}
{
  message: '5000 is working',
  level: 'info',
  label: 'Right Now!',
  timestamp: '2023-07-05T03:44:57.229Z'
}
{
  message: 'Database connection established',
  level: 'info',
  label: 'Right Now!',
  timestamp: '2023-07-05T03:46:01.800Z'
}
{
  message: '5000 is working',
  level: 'info',
  label: 'Right Now!',
  timestamp: '2023-07-05T03:46:01.810Z'
}
{
  message: 'Database connection established',
  level: 'info',
  label: 'Right Now!',
  timestamp: '2023-07-05T03:46:08.595Z'
}
{
  message: '5000 is working',
  level: 'info',
  label: 'Right Now!',
  timestamp: '2023-07-05T03:46:08.604Z'
}
{
  message: 'Database connection established',
  level: 'info',
  label: 'Right Now!',
  timestamp: '2023-07-05T03:46:30.544Z'
}
{
  message: '5000 is working',
  level: 'info',
  label: 'Right Now!',
  timestamp: '2023-07-05T03:46:30.556Z'
}
{
  message: 'Database connection established',
  level: 'info',
  label: 'Right Now!',
  timestamp: '2023-07-05T03:46:52.301Z'
}
{
  message: '5000 is working',
  level: 'info',
  label: 'Right Now!',
  timestamp: '2023-07-05T03:46:52.315Z'
}
{
  message: 'Database connection established',
  level: 'info',
  label: 'Right Now!',
  timestamp: '2023-07-05T03:48:32.388Z'
}
{
  message: '5000 is working',
  level: 'info',
  label: 'Right Now!',
  timestamp: '2023-07-05T03:48:32.405Z'
}
{
  message: 'Database connection established',
  level: 'info',
  label: 'Right Now!',
  timestamp: '2023-07-05T03:50:25.556Z'
}
{
  message: '5000 is working',
  level: 'info',
  label: 'Right Now!',
  timestamp: '2023-07-05T03:50:25.565Z'
}
{
  message: 'Database connection established',
  level: 'info',
  label: 'Right Now!',
  timestamp: '2023-07-05T03:51:09.960Z'
}
{
  message: '5000 is working',
  level: 'info',
  label: 'Right Now!',
  timestamp: '2023-07-05T03:51:09.973Z'
}
{
  message: 'Database connection established',
  level: 'info',
  label: 'Right Now!',
  timestamp: '2023-07-05T03:51:30.843Z'
}
{
  message: '5000 is working',
  level: 'info',
  label: 'Right Now!',
  timestamp: '2023-07-05T03:51:30.854Z'
}
{
  message: 'Database connection established',
  level: 'info',
  label: 'Right Now!',
  timestamp: '2023-07-05T03:51:54.175Z'
}
{
  message: '5000 is working',
  level: 'info',
  label: 'Right Now!',
  timestamp: '2023-07-05T03:51:54.189Z'
}
{
  message: 'Database connection established',
  level: 'info',
  label: 'Right Now!',
  timestamp: '2023-07-05T03:52:17.296Z'
}
{
  message: '5000 is working',
  level: 'info',
  label: 'Right Now!',
  timestamp: '2023-07-05T03:52:17.310Z'
}
{
  message: 'Database connection established',
  level: 'info',
  label: 'Right Now!',
  timestamp: '2023-07-05T03:53:59.335Z'
}
{
  message: '5000 is working',
  level: 'info',
  label: 'Right Now!',
  timestamp: '2023-07-05T03:53:59.348Z'
}
{
  issues: [
    {
      code: 'invalid_type',
      expected: 'string',
      received: 'undefined',
      path: [ 'cookies', 'refreshToken' ],
      message: 'Refresh token is required'
    }
  ],
  addIssue: [Function (anonymous)],
  addIssues: [Function (anonymous)],
  name: 'ZodError',
  level: 'info',
  message: 'Global error is here [\n' +
    '  {\n' +
    '    "code": "invalid_type",\n' +
    '    "expected": "string",\n' +
    '    "received": "undefined",\n' +
    '    "path": [\n' +
    '      "cookies",\n' +
    '      "refreshToken"\n' +
    '    ],\n' +
    '    "message": "Refresh token is required"\n' +
    '  }\n' +
    ']',
  stack: 'ZodError: [\n' +
    '  {\n' +
    '    "code": "invalid_type",\n' +
    '    "expected": "string",\n' +
    '    "received": "undefined",\n' +
    '    "path": [\n' +
    '      "cookies",\n' +
    '      "refreshToken"\n' +
    '    ],\n' +
    '    "message": "Refresh token is required"\n' +
    '  }\n' +
    ']\n' +
    '    at Object.get error [as error] (F:\\E\\01-Javascript 2021\\Next Level Web Development\\Mission-3\\Programming Hero University\\node_modules\\zod\\lib\\types.js:43:31)\n' +
    '    at ZodObject.parseAsync (F:\\E\\01-Javascript 2021\\Next Level Web Development\\Mission-3\\Programming Hero University\\node_modules\\zod\\lib\\types.js:164:22)\n' +
    '    at processTicksAndRejections (node:internal/process/task_queues:95:5)',
  label: 'Right Now!',
  timestamp: '2023-07-05T03:55:26.549Z'
}
{
  statusCode: 403,
  level: 'info',
  message: 'Global error is here Invalid refresh token',
  stack: 'Error: Invalid refresh token\n' +
    '    at F:\\E\\01-Javascript 2021\\Next Level Web Development\\Mission-3\\Programming Hero University\\src\\app\\modules\\auth\\auth.service.ts:77:11\n' +
    '    at Generator.next (<anonymous>)\n' +
    '    at F:\\E\\01-Javascript 2021\\Next Level Web Development\\Mission-3\\Programming Hero University\\src\\app\\modules\\auth\\auth.service.ts:8:71\n' +
    '    at new Promise (<anonymous>)\n' +
    '    at __awaiter (F:\\E\\01-Javascript 2021\\Next Level Web Development\\Mission-3\\Programming Hero University\\src\\app\\modules\\auth\\auth.service.ts:4:12)\n' +
    '    at Object.refreshToken (F:\\E\\01-Javascript 2021\\Next Level Web Development\\Mission-3\\Programming Hero University\\src\\app\\modules\\auth\\auth.service.ts:72:46)\n' +
    '    at F:\\E\\01-Javascript 2021\\Next Level Web Development\\Mission-3\\Programming Hero University\\src\\app\\modules\\auth\\auth.controller.ts:37:36\n' +
    '    at Generator.next (<anonymous>)\n' +
    '    at F:\\E\\01-Javascript 2021\\Next Level Web Development\\Mission-3\\Programming Hero University\\src\\app\\modules\\auth\\auth.controller.ts:8:71\n' +
    '    at new Promise (<anonymous>)',
  label: 'Right Now!',
  timestamp: '2023-07-05T03:56:38.619Z'
}
{
  message: 'Database connection established',
  level: 'info',
  label: 'Right Now!',
  timestamp: '2023-07-05T03:57:25.429Z'
}
{
  message: '5000 is working',
  level: 'info',
  label: 'Right Now!',
  timestamp: '2023-07-05T03:57:25.442Z'
}
{
  statusCode: 403,
  level: 'info',
  message: 'Global error is here Invalid refresh token',
  stack: 'Error: Invalid refresh token\n' +
    '    at F:\\E\\01-Javascript 2021\\Next Level Web Development\\Mission-3\\Programming Hero University\\src\\app\\modules\\auth\\auth.service.ts:77:11\n' +
    '    at Generator.next (<anonymous>)\n' +
    '    at F:\\E\\01-Javascript 2021\\Next Level Web Development\\Mission-3\\Programming Hero University\\src\\app\\modules\\auth\\auth.service.ts:8:71\n' +
    '    at new Promise (<anonymous>)\n' +
    '    at __awaiter (F:\\E\\01-Javascript 2021\\Next Level Web Development\\Mission-3\\Programming Hero University\\src\\app\\modules\\auth\\auth.service.ts:4:12)\n' +
    '    at Object.refreshToken (F:\\E\\01-Javascript 2021\\Next Level Web Development\\Mission-3\\Programming Hero University\\src\\app\\modules\\auth\\auth.service.ts:72:46)\n' +
    '    at F:\\E\\01-Javascript 2021\\Next Level Web Development\\Mission-3\\Programming Hero University\\src\\app\\modules\\auth\\auth.controller.ts:37:36\n' +
    '    at Generator.next (<anonymous>)\n' +
    '    at F:\\E\\01-Javascript 2021\\Next Level Web Development\\Mission-3\\Programming Hero University\\src\\app\\modules\\auth\\auth.controller.ts:8:71\n' +
    '    at new Promise (<anonymous>)',
  label: 'Right Now!',
  timestamp: '2023-07-05T03:57:41.941Z'
}
{
  message: 'Database connection established',
  level: 'info',
  label: 'Right Now!',
  timestamp: '2023-07-05T03:59:36.210Z'
}
{
  message: '5000 is working',
  level: 'info',
  label: 'Right Now!',
  timestamp: '2023-07-05T03:59:36.225Z'
}
{
  level: 'info',
  message: "Global error is here Class constructor ApiError cannot be invoked without 'new'",
  stack: "TypeError: Class constructor ApiError cannot be invoked without 'new'\n" +
    '    at F:\\E\\01-Javascript 2021\\Next Level Web Development\\Mission-3\\Programming Hero University\\src\\app\\modules\\auth\\auth.service.ts:77:19\n' +
    '    at Generator.next (<anonymous>)\n' +
    '    at F:\\E\\01-Javascript 2021\\Next Level Web Development\\Mission-3\\Programming Hero University\\src\\app\\modules\\auth\\auth.service.ts:8:71\n' +
    '    at new Promise (<anonymous>)\n' +
    '    at __awaiter (F:\\E\\01-Javascript 2021\\Next Level Web Development\\Mission-3\\Programming Hero University\\src\\app\\modules\\auth\\auth.service.ts:4:12)\n' +
    '    at Object.refreshToken (F:\\E\\01-Javascript 2021\\Next Level Web Development\\Mission-3\\Programming Hero University\\src\\app\\modules\\auth\\auth.service.ts:72:46)\n' +
    '    at F:\\E\\01-Javascript 2021\\Next Level Web Development\\Mission-3\\Programming Hero University\\src\\app\\modules\\auth\\auth.controller.ts:37:36\n' +
    '    at Generator.next (<anonymous>)\n' +
    '    at F:\\E\\01-Javascript 2021\\Next Level Web Development\\Mission-3\\Programming Hero University\\src\\app\\modules\\auth\\auth.controller.ts:8:71\n' +
    '    at new Promise (<anonymous>)',
  label: 'Right Now!',
  timestamp: '2023-07-05T03:59:46.624Z'
}
