{
  message: 'Database connection established',
  level: 'info',
  label: 'Right Now!',
  timestamp: '2023-06-11T05:00:40.104Z'
}
{
  message: '5000 is working',
  level: 'info',
  label: 'Right Now!',
  timestamp: '2023-06-11T05:00:40.116Z'
}
{
  message: 'Database connection established',
  level: 'info',
  label: 'Right Now!',
  timestamp: '2023-06-11T05:32:15.663Z'
}
{
  message: '5000 is working',
  level: 'info',
  label: 'Right Now!',
  timestamp: '2023-06-11T05:32:15.684Z'
}
{
  message: 'Database connection established',
  level: 'info',
  label: 'Right Now!',
  timestamp: '2023-06-11T05:36:46.451Z'
}
{
  message: '5000 is working',
  level: 'info',
  label: 'Right Now!',
  timestamp: '2023-06-11T05:36:46.462Z'
}
{
  message: 'Database connection established',
  level: 'info',
  label: 'Right Now!',
  timestamp: '2023-06-11T05:36:58.452Z'
}
{
  message: '5000 is working',
  level: 'info',
  label: 'Right Now!',
  timestamp: '2023-06-11T05:36:58.461Z'
}
{
  message: 'Database connection established',
  level: 'info',
  label: 'Right Now!',
  timestamp: '2023-06-11T05:37:02.444Z'
}
{
  message: '5000 is working',
  level: 'info',
  label: 'Right Now!',
  timestamp: '2023-06-11T05:37:02.457Z'
}
{
  message: 'Database connection established',
  level: 'info',
  label: 'Right Now!',
  timestamp: '2023-06-11T05:37:16.390Z'
}
{
  message: '5000 is working',
  level: 'info',
  label: 'Right Now!',
  timestamp: '2023-06-11T05:37:16.398Z'
}
{
  message: 'Database connection established',
  level: 'info',
  label: 'Right Now!',
  timestamp: '2023-06-11T05:39:19.051Z'
}
{
  message: '5000 is working',
  level: 'info',
  label: 'Right Now!',
  timestamp: '2023-06-11T05:39:19.057Z'
}
{
  message: 'Database connection established',
  level: 'info',
  label: 'Right Now!',
  timestamp: '2023-06-11T05:41:05.710Z'
}
{
  message: '5000 is working',
  level: 'info',
  label: 'Right Now!',
  timestamp: '2023-06-11T05:41:05.725Z'
}
{
  message: 'Database connection established',
  level: 'info',
  label: 'Right Now!',
  timestamp: '2023-06-11T05:41:19.339Z'
}
{
  message: '5000 is working',
  level: 'info',
  label: 'Right Now!',
  timestamp: '2023-06-11T05:41:19.350Z'
}
{
  message: 'Database connection established',
  level: 'info',
  label: 'Right Now!',
  timestamp: '2023-06-11T05:41:44.600Z'
}
{
  message: '5000 is working',
  level: 'info',
  label: 'Right Now!',
  timestamp: '2023-06-11T05:41:44.607Z'
}
{
  message: 'Database connection established',
  level: 'info',
  label: 'Right Now!',
  timestamp: '2023-06-11T05:41:57.923Z'
}
{
  message: '5000 is working',
  level: 'info',
  label: 'Right Now!',
  timestamp: '2023-06-11T05:41:57.934Z'
}
{
  message: 'Database connection established',
  level: 'info',
  label: 'Right Now!',
  timestamp: '2023-06-11T05:42:40.854Z'
}
{
  message: '5000 is working',
  level: 'info',
  label: 'Right Now!',
  timestamp: '2023-06-11T05:42:40.868Z'
}
{
  message: 'Database connection established',
  level: 'info',
  label: 'Right Now!',
  timestamp: '2023-06-11T05:43:24.094Z'
}
{
  message: '5000 is working',
  level: 'info',
  label: 'Right Now!',
  timestamp: '2023-06-11T05:43:24.102Z'
}
{
  message: 'Database connection established',
  level: 'info',
  label: 'Right Now!',
  timestamp: '2023-06-11T05:43:28.257Z'
}
{
  message: '5000 is working',
  level: 'info',
  label: 'Right Now!',
  timestamp: '2023-06-11T05:43:28.264Z'
}
{
  message: 'Database connection established',
  level: 'info',
  label: 'Right Now!',
  timestamp: '2023-06-11T05:43:47.012Z'
}
{
  message: '5000 is working',
  level: 'info',
  label: 'Right Now!',
  timestamp: '2023-06-11T05:43:47.020Z'
}
{
  message: 'Database connection established',
  level: 'info',
  label: 'Right Now!',
  timestamp: '2023-06-11T05:45:34.518Z'
}
{
  message: '5000 is working',
  level: 'info',
  label: 'Right Now!',
  timestamp: '2023-06-11T05:45:34.525Z'
}
{
  message: 'Database connection established',
  level: 'info',
  label: 'Right Now!',
  timestamp: '2023-06-11T05:46:34.253Z'
}
{
  message: '5000 is working',
  level: 'info',
  label: 'Right Now!',
  timestamp: '2023-06-11T05:46:34.266Z'
}
{
  message: 'Database connection established',
  level: 'info',
  label: 'Right Now!',
  timestamp: '2023-06-11T05:47:31.807Z'
}
{
  message: '5000 is working',
  level: 'info',
  label: 'Right Now!',
  timestamp: '2023-06-11T05:47:31.814Z'
}
{
  message: 'Database connection established',
  level: 'info',
  label: 'Right Now!',
  timestamp: '2023-06-11T05:47:40.364Z'
}
{
  message: '5000 is working',
  level: 'info',
  label: 'Right Now!',
  timestamp: '2023-06-11T05:47:40.371Z'
}
{
  message: 'Database connection established',
  level: 'info',
  label: 'Right Now!',
  timestamp: '2023-06-11T05:49:55.765Z'
}
{
  message: '5000 is working',
  level: 'info',
  label: 'Right Now!',
  timestamp: '2023-06-11T05:49:55.772Z'
}
{
  message: 'Database connection established',
  level: 'info',
  label: 'Right Now!',
  timestamp: '2023-06-11T05:50:44.376Z'
}
{
  message: '5000 is working',
  level: 'info',
  label: 'Right Now!',
  timestamp: '2023-06-11T05:50:44.383Z'
}
{
  message: 'Database connection established',
  level: 'info',
  label: 'Right Now!',
  timestamp: '2023-06-11T05:50:58.743Z'
}
{
  message: '5000 is working',
  level: 'info',
  label: 'Right Now!',
  timestamp: '2023-06-11T05:50:58.758Z'
}
{
  message: 'Database connection established',
  level: 'info',
  label: 'Right Now!',
  timestamp: '2023-06-11T05:52:17.787Z'
}
{
  message: '5000 is working',
  level: 'info',
  label: 'Right Now!',
  timestamp: '2023-06-11T05:52:17.794Z'
}
