{
  message: 'Error: querySrv ECONNREFUSED _mongodb._tcp.cluster0.q3g5t.mongodb.net is here',
  level: 'error',
  label: 'Right Now!',
  timestamp: '2023-06-19T05:18:12.112Z'
}
{
  message: 'Error: querySrv ECONNREFUSED _mongodb._tcp.cluster0.q3g5t.mongodb.net is here',
  level: 'error',
  label: 'Right Now!',
  timestamp: '2023-06-19T05:18:13.921Z'
}
{
  message: 'Error: querySrv ECONNREFUSED _mongodb._tcp.cluster0.q3g5t.mongodb.net is here',
  level: 'error',
  label: 'Right Now!',
  timestamp: '2023-06-19T05:18:15.272Z'
}
{
  message: 'Error: querySrv ECONNREFUSED _mongodb._tcp.cluster0.q3g5t.mongodb.net is here',
  level: 'error',
  label: 'Right Now!',
  timestamp: '2023-06-19T05:18:53.659Z'
}
