{
  message: 'MongooseServerSelectionError: Server selection timed out after 30000 ms is here',
  level: 'error',
  label: 'Right Now!',
  timestamp: '2023-06-16T05:21:55.515Z'
}
{
  message: "MongooseServerSelectionError: Could not connect to any servers in your MongoDB Atlas cluster. One common reason is that you're trying to access the database from an IP that isn't whitelisted. Make sure your current IP address is on your Atlas cluster's IP whitelist: https://www.mongodb.com/docs/atlas/security-whitelist/ is here",
  level: 'error',
  label: 'Right Now!',
  timestamp: '2023-06-16T05:22:45.095Z'
}
{
  message: "MongooseServerSelectionError: Could not connect to any servers in your MongoDB Atlas cluster. One common reason is that you're trying to access the database from an IP that isn't whitelisted. Make sure your current IP address is on your Atlas cluster's IP whitelist: https://www.mongodb.com/docs/atlas/security-whitelist/ is here",
  level: 'error',
  label: 'Right Now!',
  timestamp: '2023-06-16T05:24:12.771Z'
}
{
  message: "MongooseServerSelectionError: Could not connect to any servers in your MongoDB Atlas cluster. One common reason is that you're trying to access the database from an IP that isn't whitelisted. Make sure your current IP address is on your Atlas cluster's IP whitelist: https://www.mongodb.com/docs/atlas/security-whitelist/ is here",
  level: 'error',
  label: 'Right Now!',
  timestamp: '2023-06-16T05:25:09.203Z'
}
