{
  statusCode: 409,
  level: 'error',
  label: 'Right Now!',
  timestamp: '2023-06-12T09:11:28.676Z'
}
{
  statusCode: 409,
  level: 'error',
  label: 'Right Now!',
  timestamp: '2023-06-12T09:12:19.909Z'
}
{
  statusCode: 409,
  level: 'error',
  label: 'Right Now!',
  timestamp: '2023-06-12T09:18:42.580Z'
}
{
  statusCode: 409,
  level: 'error',
  label: 'Right Now!',
  timestamp: '2023-06-12T09:19:45.571Z'
}
{
  statusCode: 409,
  level: 'error',
  label: 'Right Now!',
  timestamp: '2023-06-12T09:49:14.196Z'
}
{
  statusCode: 400,
  level: 'error',
  label: 'Right Now!',
  timestamp: '2023-06-12T09:50:51.750Z'
}
